生成启动时间为 2016/4/10 18:11:00。
     1>项目“E:\大四下\微漫\形状匹配\Hu矩_Procrustes distance匹配\Hu矩_Procrustes distance匹配\Hu矩_Procrustes distance匹配\Hu矩_Procrustes distance匹配.vcxproj”在节点 2 上(Build 个目标)。
     1>ClCompile:
         C:\Program Files (x86)\Microsoft Visual Studio 12.0\VC\bin\CL.exe /c /ZI /nologo /W3 /WX- /Od /Oy- /D WIN32 /D _DEBUG /D _CONSOLE /D _LIB /D _UNICODE /D UNICODE /Gm /EHsc /RTC1 /MDd /GS /fp:precise /Zc:wchar_t /Zc:forScope /Fo"Debug\\" /Fd"Debug\vc120.pdb" /Gd /TP /analyze- /errorReport:prompt main.cpp
         main.cpp
     1>c:\program files (x86)\opencv\build\include\opencv2\flann\logger.h(66): warning C4996: 'fopen': This function or variable may be unsafe. Consider using fopen_s instead. To disable deprecation, use _CRT_SECURE_NO_WARNINGS. See online help for details.
                 c:\program files (x86)\microsoft visual studio 12.0\vc\include\stdio.h(211) : 参见“fopen”的声明
     1>e:\大四下\微漫\形状匹配\hu矩_procrustes distance匹配\hu矩_procrustes distance匹配\hu矩_procrustes distance匹配\main.cpp(165): warning C4244: “=”: 从“int”转换到“float”，可能丢失数据
     1>e:\大四下\微漫\形状匹配\hu矩_procrustes distance匹配\hu矩_procrustes distance匹配\hu矩_procrustes distance匹配\main.cpp(166): warning C4244: “=”: 从“int”转换到“float”，可能丢失数据
     1>e:\大四下\微漫\形状匹配\hu矩_procrustes distance匹配\hu矩_procrustes distance匹配\hu矩_procrustes distance匹配\main.cpp(167): warning C4244: “=”: 从“int”转换到“float”，可能丢失数据
     1>e:\大四下\微漫\形状匹配\hu矩_procrustes distance匹配\hu矩_procrustes distance匹配\hu矩_procrustes distance匹配\main.cpp(168): warning C4244: “=”: 从“int”转换到“float”，可能丢失数据
     1>e:\大四下\微漫\形状匹配\hu矩_procrustes distance匹配\hu矩_procrustes distance匹配\hu矩_procrustes distance匹配\main.cpp(232): warning C4244: “return”: 从“double”转换到“float”，可能丢失数据
     1>e:\大四下\微漫\形状匹配\hu矩_procrustes distance匹配\hu矩_procrustes distance匹配\hu矩_procrustes distance匹配\main.cpp(269): warning C4244: “=”: 从“double”转换到“int”，可能丢失数据
     1>e:\大四下\微漫\形状匹配\hu矩_procrustes distance匹配\hu矩_procrustes distance匹配\hu矩_procrustes distance匹配\main.cpp(270): warning C4244: “=”: 从“double”转换到“int”，可能丢失数据
     1>e:\大四下\微漫\形状匹配\hu矩_procrustes distance匹配\hu矩_procrustes distance匹配\hu矩_procrustes distance匹配\main.cpp(409): warning C4244: “=”: 从“const double”转换到“int”，可能丢失数据
     1>e:\大四下\微漫\形状匹配\hu矩_procrustes distance匹配\hu矩_procrustes distance匹配\hu矩_procrustes distance匹配\main.cpp(410): warning C4244: “=”: 从“const double”转换到“int”，可能丢失数据
       Link:
         C:\Program Files (x86)\Microsoft Visual Studio 12.0\VC\bin\link.exe /ERRORREPORT:PROMPT /OUT:"E:\大四下\微漫\形状匹配\Hu矩_Procrustes distance匹配\Hu矩_Procrustes distance匹配\Debug\Hu矩_Procrustes distance匹配.exe" /INCREMENTAL /NOLOGO opencv_ml249d.lib opencv_calib3d249d.lib opencv_contrib249d.lib opencv_core249d.lib opencv_features2d249d.lib opencv_flann249d.lib opencv_gpu249d.lib opencv_highgui249d.lib opencv_imgproc249d.lib opencv_legacy249d.lib opencv_objdetect249d.lib opencv_ts249d.lib opencv_video249d.lib opencv_nonfree249d.lib opencv_ocl249d.lib opencv_photo249d.lib opencv_stitching249d.lib opencv_superres249d.lib opencv_videostab249d.lib kernel32.lib user32.lib gdi32.lib winspool.lib comdlg32.lib advapi32.lib shell32.lib ole32.lib oleaut32.lib uuid.lib odbc32.lib odbccp32.lib /MANIFEST /MANIFESTUAC:"level='asInvoker' uiAccess='false'" /manifest:embed /DEBUG /PDB:"E:\大四下\微漫\形状匹配\Hu矩_Procrustes distance匹配\Hu矩_Procrustes distance匹配\Debug\Hu矩_Procrustes distance匹配.pdb" /SUBSYSTEM:CONSOLE /TLBID:1 /DYNAMICBASE /NXCOMPAT /IMPLIB:"E:\大四下\微漫\形状匹配\Hu矩_Procrustes distance匹配\Hu矩_Procrustes distance匹配\Debug\Hu矩_Procrustes distance匹配.lib" /MACHINE:X86 Debug\main.obj
         Hu矩_Procrustes distance匹配.vcxproj -> E:\大四下\微漫\形状匹配\Hu矩_Procrustes distance匹配\Hu矩_Procrustes distance匹配\Debug\Hu矩_Procrustes distance匹配.exe
     1>已完成生成项目“E:\大四下\微漫\形状匹配\Hu矩_Procrustes distance匹配\Hu矩_Procrustes distance匹配\Hu矩_Procrustes distance匹配\Hu矩_Procrustes distance匹配.vcxproj”(Build 个目标)的操作。

生成成功。

已用时间 00:00:02.57
